{"C:\\Users\\natan\\Desktop\\Isaac Nowill\\formation-ynov-toulouse-campus\\class-developpement-api\\productions\\test7_learn_box_api\\src\\controllers\\authsController.js": {"path":"C:\\Users\\natan\\Desktop\\Isaac Nowill\\formation-ynov-toulouse-campus\\class-developpement-api\\productions\\test7_learn_box_api\\src\\controllers\\authsController.js","statementMap":{"0":{"start":{"line":1,"column":0},"end":{"line":1,"column":27}},"1":{"start":{"line":2,"column":11},"end":{"line":2,"column":24}},"2":{"start":{"line":3,"column":13},"end":{"line":3,"column":28}},"3":{"start":{"line":4,"column":15},"end":{"line":4,"column":32}},"4":{"start":{"line":5,"column":12},"end":{"line":5,"column":35}},"5":{"start":{"line":8,"column":17},"end":{"line":8,"column":56}},"6":{"start":{"line":11,"column":19},"end":{"line":11,"column":60}},"7":{"start":{"line":12,"column":18},"end":{"line":12,"column":40}},"8":{"start":{"line":13,"column":21},"end":{"line":13,"column":61}},"9":{"start":{"line":14,"column":22},"end":{"line":14,"column":62}},"10":{"start":{"line":18,"column":2},"end":{"line":18,"column":99}},"11":{"start":{"line":18,"column":32},"end":{"line":18,"column":99}},"12":{"start":{"line":19,"column":18},"end":{"line":19,"column":51}},"13":{"start":{"line":20,"column":2},"end":{"line":20,"column":90}},"14":{"start":{"line":20,"column":23},"end":{"line":20,"column":90}},"15":{"start":{"line":21,"column":15},"end":{"line":21,"column":60}},"16":{"start":{"line":22,"column":2},"end":{"line":22,"column":50}},"17":{"start":{"line":22,"column":34},"end":{"line":22,"column":50}},"18":{"start":{"line":23,"column":2},"end":{"line":23,"column":14}},"19":{"start":{"line":27,"column":2},"end":{"line":27,"column":60}},"20":{"start":{"line":32,"column":2},"end":{"line":32,"column":35}},"21":{"start":{"line":32,"column":26},"end":{"line":32,"column":35}},"22":{"start":{"line":33,"column":16},"end":{"line":33,"column":70}},"23":{"start":{"line":33,"column":42},"end":{"line":33,"column":65}},"24":{"start":{"line":34,"column":2},"end":{"line":34,"column":19}},"25":{"start":{"line":40,"column":0},"end":{"line":79,"column":2}},"26":{"start":{"line":41,"column":2},"end":{"line":78,"column":3}},"27":{"start":{"line":42,"column":35},"end":{"line":42,"column":43}},"28":{"start":{"line":45,"column":4},"end":{"line":46,"column":80}},"29":{"start":{"line":46,"column":6},"end":{"line":46,"column":80}},"30":{"start":{"line":49,"column":4},"end":{"line":50,"column":100}},"31":{"start":{"line":50,"column":6},"end":{"line":50,"column":100}},"32":{"start":{"line":52,"column":17},"end":{"line":52,"column":25}},"33":{"start":{"line":55,"column":4},"end":{"line":57,"column":5}},"34":{"start":{"line":55,"column":29},"end":{"line":55,"column":52}},"35":{"start":{"line":56,"column":6},"end":{"line":56,"column":74}},"36":{"start":{"line":60,"column":25},"end":{"line":60,"column":64}},"37":{"start":{"line":63,"column":16},"end":{"line":63,"column":42}},"38":{"start":{"line":64,"column":4},"end":{"line":64,"column":57}},"39":{"start":{"line":64,"column":32},"end":{"line":64,"column":46}},"40":{"start":{"line":64,"column":49},"end":{"line":64,"column":57}},"41":{"start":{"line":66,"column":20},"end":{"line":66,"column":88}},"42":{"start":{"line":68,"column":4},"end":{"line":68,"column":29}},"43":{"start":{"line":69,"column":4},"end":{"line":69,"column":17}},"44":{"start":{"line":71,"column":4},"end":{"line":74,"column":7}},"45":{"start":{"line":76,"column":4},"end":{"line":76,"column":46}},"46":{"start":{"line":77,"column":4},"end":{"line":77,"column":65}},"47":{"start":{"line":84,"column":0},"end":{"line":108,"column":2}},"48":{"start":{"line":85,"column":2},"end":{"line":107,"column":3}},"49":{"start":{"line":86,"column":35},"end":{"line":86,"column":43}},"50":{"start":{"line":88,"column":4},"end":{"line":89,"column":80}},"51":{"start":{"line":89,"column":6},"end":{"line":89,"column":80}},"52":{"start":{"line":91,"column":17},"end":{"line":91,"column":25}},"53":{"start":{"line":92,"column":17},"end":{"line":92,"column":62}},"54":{"start":{"line":92,"column":38},"end":{"line":92,"column":61}},"55":{"start":{"line":94,"column":4},"end":{"line":94,"column":80}},"56":{"start":{"line":94,"column":15},"end":{"line":94,"column":80}},"57":{"start":{"line":96,"column":18},"end":{"line":96,"column":63}},"58":{"start":{"line":97,"column":4},"end":{"line":97,"column":81}},"59":{"start":{"line":97,"column":16},"end":{"line":97,"column":81}},"60":{"start":{"line":99,"column":20},"end":{"line":99,"column":91}},"61":{"start":{"line":100,"column":24},"end":{"line":100,"column":81}},"62":{"start":{"line":101,"column":25},"end":{"line":101,"column":83}},"63":{"start":{"line":103,"column":4},"end":{"line":103,"column":44}},"64":{"start":{"line":105,"column":4},"end":{"line":105,"column":43}},"65":{"start":{"line":106,"column":4},"end":{"line":106,"column":65}},"66":{"start":{"line":113,"column":0},"end":{"line":129,"column":2}},"67":{"start":{"line":114,"column":27},"end":{"line":114,"column":35}},"68":{"start":{"line":115,"column":2},"end":{"line":115,"column":86}},"69":{"start":{"line":115,"column":21},"end":{"line":115,"column":86}},"70":{"start":{"line":117,"column":2},"end":{"line":128,"column":3}},"71":{"start":{"line":118,"column":20},"end":{"line":118,"column":55}},"72":{"start":{"line":119,"column":24},"end":{"line":123,"column":5}},"73":{"start":{"line":124,"column":4},"end":{"line":124,"column":30}},"74":{"start":{"line":126,"column":4},"end":{"line":126,"column":45}},"75":{"start":{"line":127,"column":4},"end":{"line":127,"column":62}},"76":{"start":{"line":134,"column":0},"end":{"line":136,"column":2}},"77":{"start":{"line":135,"column":2},"end":{"line":135,"column":50}}},"fnMap":{"0":{"name":"loadDB","decl":{"start":{"line":17,"column":9},"end":{"line":17,"column":15}},"loc":{"start":{"line":17,"column":18},"end":{"line":24,"column":1}},"line":17},"1":{"name":"saveDB","decl":{"start":{"line":26,"column":9},"end":{"line":26,"column":15}},"loc":{"start":{"line":26,"column":22},"end":{"line":28,"column":1}},"line":26},"2":{"name":"generateUserId","decl":{"start":{"line":31,"column":9},"end":{"line":31,"column":23}},"loc":{"start":{"line":31,"column":31},"end":{"line":35,"column":1}},"line":31},"3":{"name":"(anonymous_3)","decl":{"start":{"line":33,"column":29},"end":{"line":33,"column":30}},"loc":{"start":{"line":33,"column":42},"end":{"line":33,"column":65}},"line":33},"4":{"name":"(anonymous_4)","decl":{"start":{"line":40,"column":19},"end":{"line":40,"column":20}},"loc":{"start":{"line":40,"column":39},"end":{"line":79,"column":1}},"line":40},"5":{"name":"(anonymous_5)","decl":{"start":{"line":55,"column":24},"end":{"line":55,"column":25}},"loc":{"start":{"line":55,"column":29},"end":{"line":55,"column":52}},"line":55},"6":{"name":"(anonymous_6)","decl":{"start":{"line":64,"column":27},"end":{"line":64,"column":28}},"loc":{"start":{"line":64,"column":32},"end":{"line":64,"column":46}},"line":64},"7":{"name":"(anonymous_7)","decl":{"start":{"line":84,"column":16},"end":{"line":84,"column":17}},"loc":{"start":{"line":84,"column":36},"end":{"line":108,"column":1}},"line":84},"8":{"name":"(anonymous_8)","decl":{"start":{"line":92,"column":33},"end":{"line":92,"column":34}},"loc":{"start":{"line":92,"column":38},"end":{"line":92,"column":61}},"line":92},"9":{"name":"(anonymous_9)","decl":{"start":{"line":113,"column":18},"end":{"line":113,"column":19}},"loc":{"start":{"line":113,"column":32},"end":{"line":129,"column":1}},"line":113},"10":{"name":"(anonymous_10)","decl":{"start":{"line":134,"column":17},"end":{"line":134,"column":18}},"loc":{"start":{"line":134,"column":31},"end":{"line":136,"column":1}},"line":134}},"branchMap":{"0":{"loc":{"start":{"line":11,"column":19},"end":{"line":11,"column":60}},"type":"binary-expr","locations":[{"start":{"line":11,"column":19},"end":{"line":11,"column":54}},{"start":{"line":11,"column":58},"end":{"line":11,"column":60}}],"line":11},"1":{"loc":{"start":{"line":13,"column":21},"end":{"line":13,"column":61}},"type":"binary-expr","locations":[{"start":{"line":13,"column":21},"end":{"line":13,"column":52}},{"start":{"line":13,"column":56},"end":{"line":13,"column":61}}],"line":13},"2":{"loc":{"start":{"line":14,"column":22},"end":{"line":14,"column":62}},"type":"binary-expr","locations":[{"start":{"line":14,"column":22},"end":{"line":14,"column":54}},{"start":{"line":14,"column":58},"end":{"line":14,"column":62}}],"line":14},"3":{"loc":{"start":{"line":18,"column":2},"end":{"line":18,"column":99}},"type":"if","locations":[{"start":{"line":18,"column":2},"end":{"line":18,"column":99}},{"start":{},"end":{}}],"line":18},"4":{"loc":{"start":{"line":20,"column":2},"end":{"line":20,"column":90}},"type":"if","locations":[{"start":{"line":20,"column":2},"end":{"line":20,"column":90}},{"start":{},"end":{}}],"line":20},"5":{"loc":{"start":{"line":22,"column":2},"end":{"line":22,"column":50}},"type":"if","locations":[{"start":{"line":22,"column":2},"end":{"line":22,"column":50}},{"start":{},"end":{}}],"line":22},"6":{"loc":{"start":{"line":32,"column":2},"end":{"line":32,"column":35}},"type":"if","locations":[{"start":{"line":32,"column":2},"end":{"line":32,"column":35}},{"start":{},"end":{}}],"line":32},"7":{"loc":{"start":{"line":33,"column":42},"end":{"line":33,"column":65}},"type":"cond-expr","locations":[{"start":{"line":33,"column":55},"end":{"line":33,"column":59}},{"start":{"line":33,"column":62},"end":{"line":33,"column":65}}],"line":33},"8":{"loc":{"start":{"line":45,"column":4},"end":{"line":46,"column":80}},"type":"if","locations":[{"start":{"line":45,"column":4},"end":{"line":46,"column":80}},{"start":{},"end":{}}],"line":45},"9":{"loc":{"start":{"line":45,"column":8},"end":{"line":45,"column":30}},"type":"binary-expr","locations":[{"start":{"line":45,"column":8},"end":{"line":45,"column":17}},{"start":{"line":45,"column":21},"end":{"line":45,"column":30}}],"line":45},"10":{"loc":{"start":{"line":49,"column":4},"end":{"line":50,"column":100}},"type":"if","locations":[{"start":{"line":49,"column":4},"end":{"line":50,"column":100}},{"start":{},"end":{}}],"line":49},"11":{"loc":{"start":{"line":55,"column":4},"end":{"line":57,"column":5}},"type":"if","locations":[{"start":{"line":55,"column":4},"end":{"line":57,"column":5}},{"start":{},"end":{}}],"line":55},"12":{"loc":{"start":{"line":88,"column":4},"end":{"line":89,"column":80}},"type":"if","locations":[{"start":{"line":88,"column":4},"end":{"line":89,"column":80}},{"start":{},"end":{}}],"line":88},"13":{"loc":{"start":{"line":88,"column":8},"end":{"line":88,"column":30}},"type":"binary-expr","locations":[{"start":{"line":88,"column":8},"end":{"line":88,"column":17}},{"start":{"line":88,"column":21},"end":{"line":88,"column":30}}],"line":88},"14":{"loc":{"start":{"line":94,"column":4},"end":{"line":94,"column":80}},"type":"if","locations":[{"start":{"line":94,"column":4},"end":{"line":94,"column":80}},{"start":{},"end":{}}],"line":94},"15":{"loc":{"start":{"line":97,"column":4},"end":{"line":97,"column":81}},"type":"if","locations":[{"start":{"line":97,"column":4},"end":{"line":97,"column":81}},{"start":{},"end":{}}],"line":97},"16":{"loc":{"start":{"line":115,"column":2},"end":{"line":115,"column":86}},"type":"if","locations":[{"start":{"line":115,"column":2},"end":{"line":115,"column":86}},{"start":{},"end":{}}],"line":115}},"s":{"0":1,"1":1,"2":1,"3":1,"4":1,"5":1,"6":1,"7":1,"8":1,"9":1,"10":5,"11":0,"12":5,"13":5,"14":0,"15":5,"16":5,"17":0,"18":5,"19":1,"20":1,"21":1,"22":0,"23":0,"24":0,"25":1,"26":4,"27":4,"28":4,"29":1,"30":3,"31":1,"32":2,"33":2,"34":1,"35":1,"36":1,"37":1,"38":1,"39":0,"40":0,"41":1,"42":1,"43":1,"44":1,"45":0,"46":0,"47":1,"48":4,"49":4,"50":4,"51":1,"52":3,"53":3,"54":3,"55":3,"56":1,"57":2,"58":2,"59":1,"60":1,"61":1,"62":1,"63":1,"64":0,"65":0,"66":1,"67":2,"68":2,"69":1,"70":1,"71":1,"72":1,"73":1,"74":0,"75":0,"76":1,"77":1},"f":{"0":5,"1":1,"2":1,"3":0,"4":4,"5":1,"6":0,"7":4,"8":3,"9":2,"10":1},"b":{"0":[1,0],"1":[1,0],"2":[1,0],"3":[0,5],"4":[0,5],"5":[0,5],"6":[1,0],"7":[0,0],"8":[1,3],"9":[4,3],"10":[1,2],"11":[1,1],"12":[1,3],"13":[4,3],"14":[1,2],"15":[1,1],"16":[1,1]},"_coverageSchema":"1a1c01bbd47fc00a2c39e90264f33305004495a9","hash":"9831a2245f00cd67a2f8e0c3ddfd0f6c5790b6c4"}
,"C:\\Users\\natan\\Desktop\\Isaac Nowill\\formation-ynov-toulouse-campus\\class-developpement-api\\productions\\test7_learn_box_api\\src\\controllers\\machinesController.js": {"path":"C:\\Users\\natan\\Desktop\\Isaac Nowill\\formation-ynov-toulouse-campus\\class-developpement-api\\productions\\test7_learn_box_api\\src\\controllers\\machinesController.js","statementMap":{"0":{"start":{"line":2,"column":15},"end":{"line":2,"column":17}},"1":{"start":{"line":5,"column":13},"end":{"line":5,"column":14}},"2":{"start":{"line":10,"column":0},"end":{"line":29,"column":2}},"3":{"start":{"line":12,"column":47},"end":{"line":12,"column":55}},"4":{"start":{"line":15,"column":2},"end":{"line":17,"column":3}},"5":{"start":{"line":16,"column":4},"end":{"line":16,"column":96}},"6":{"start":{"line":20,"column":21},"end":{"line":20,"column":71}},"7":{"start":{"line":23,"column":2},"end":{"line":23,"column":28}},"8":{"start":{"line":26,"column":2},"end":{"line":28,"column":22}},"9":{"start":{"line":34,"column":0},"end":{"line":43,"column":2}},"10":{"start":{"line":36,"column":18},"end":{"line":36,"column":70}},"11":{"start":{"line":36,"column":37},"end":{"line":36,"column":69}},"12":{"start":{"line":39,"column":2},"end":{"line":39,"column":76}},"13":{"start":{"line":39,"column":16},"end":{"line":39,"column":76}},"14":{"start":{"line":42,"column":2},"end":{"line":42,"column":20}},"15":{"start":{"line":48,"column":0},"end":{"line":60,"column":2}},"16":{"start":{"line":50,"column":18},"end":{"line":50,"column":70}},"17":{"start":{"line":50,"column":37},"end":{"line":50,"column":69}},"18":{"start":{"line":53,"column":2},"end":{"line":53,"column":76}},"19":{"start":{"line":53,"column":16},"end":{"line":53,"column":76}},"20":{"start":{"line":56,"column":2},"end":{"line":56,"column":35}},"21":{"start":{"line":59,"column":2},"end":{"line":59,"column":20}},"22":{"start":{"line":65,"column":0},"end":{"line":71,"column":2}},"23":{"start":{"line":67,"column":2},"end":{"line":67,"column":68}},"24":{"start":{"line":67,"column":34},"end":{"line":67,"column":66}},"25":{"start":{"line":70,"column":2},"end":{"line":70,"column":24}},"26":{"start":{"line":77,"column":0},"end":{"line":100,"column":2}},"27":{"start":{"line":79,"column":18},"end":{"line":79,"column":70}},"28":{"start":{"line":79,"column":37},"end":{"line":79,"column":69}},"29":{"start":{"line":82,"column":2},"end":{"line":82,"column":76}},"30":{"start":{"line":82,"column":16},"end":{"line":82,"column":76}},"31":{"start":{"line":85,"column":30},"end":{"line":85,"column":38}},"32":{"start":{"line":88,"column":2},"end":{"line":90,"column":3}},"33":{"start":{"line":89,"column":4},"end":{"line":89,"column":79}},"34":{"start":{"line":93,"column":18},"end":{"line":93,"column":56}},"35":{"start":{"line":96,"column":2},"end":{"line":96,"column":90}},"36":{"start":{"line":96,"column":16},"end":{"line":96,"column":90}},"37":{"start":{"line":99,"column":2},"end":{"line":99,"column":69}}},"fnMap":{"0":{"name":"(anonymous_0)","decl":{"start":{"line":10,"column":24},"end":{"line":10,"column":25}},"loc":{"start":{"line":10,"column":38},"end":{"line":29,"column":1}},"line":10},"1":{"name":"(anonymous_1)","decl":{"start":{"line":34,"column":21},"end":{"line":34,"column":22}},"loc":{"start":{"line":34,"column":35},"end":{"line":43,"column":1}},"line":34},"2":{"name":"(anonymous_2)","decl":{"start":{"line":36,"column":32},"end":{"line":36,"column":33}},"loc":{"start":{"line":36,"column":37},"end":{"line":36,"column":69}},"line":36},"3":{"name":"(anonymous_3)","decl":{"start":{"line":48,"column":24},"end":{"line":48,"column":25}},"loc":{"start":{"line":48,"column":38},"end":{"line":60,"column":1}},"line":48},"4":{"name":"(anonymous_4)","decl":{"start":{"line":50,"column":32},"end":{"line":50,"column":33}},"loc":{"start":{"line":50,"column":37},"end":{"line":50,"column":69}},"line":50},"5":{"name":"(anonymous_5)","decl":{"start":{"line":65,"column":24},"end":{"line":65,"column":25}},"loc":{"start":{"line":65,"column":38},"end":{"line":71,"column":1}},"line":65},"6":{"name":"(anonymous_6)","decl":{"start":{"line":67,"column":29},"end":{"line":67,"column":30}},"loc":{"start":{"line":67,"column":34},"end":{"line":67,"column":66}},"line":67},"7":{"name":"(anonymous_7)","decl":{"start":{"line":77,"column":24},"end":{"line":77,"column":25}},"loc":{"start":{"line":77,"column":38},"end":{"line":100,"column":1}},"line":77},"8":{"name":"(anonymous_8)","decl":{"start":{"line":79,"column":32},"end":{"line":79,"column":33}},"loc":{"start":{"line":79,"column":37},"end":{"line":79,"column":69}},"line":79}},"branchMap":{"0":{"loc":{"start":{"line":15,"column":2},"end":{"line":17,"column":3}},"type":"if","locations":[{"start":{"line":15,"column":2},"end":{"line":17,"column":3}},{"start":{},"end":{}}],"line":15},"1":{"loc":{"start":{"line":15,"column":6},"end":{"line":15,"column":45}},"type":"binary-expr","locations":[{"start":{"line":15,"column":6},"end":{"line":15,"column":18}},{"start":{"line":15,"column":22},"end":{"line":15,"column":29}},{"start":{"line":15,"column":33},"end":{"line":15,"column":45}}],"line":15},"2":{"loc":{"start":{"line":39,"column":2},"end":{"line":39,"column":76}},"type":"if","locations":[{"start":{"line":39,"column":2},"end":{"line":39,"column":76}},{"start":{},"end":{}}],"line":39},"3":{"loc":{"start":{"line":53,"column":2},"end":{"line":53,"column":76}},"type":"if","locations":[{"start":{"line":53,"column":2},"end":{"line":53,"column":76}},{"start":{},"end":{}}],"line":53},"4":{"loc":{"start":{"line":82,"column":2},"end":{"line":82,"column":76}},"type":"if","locations":[{"start":{"line":82,"column":2},"end":{"line":82,"column":76}},{"start":{},"end":{}}],"line":82},"5":{"loc":{"start":{"line":88,"column":2},"end":{"line":90,"column":3}},"type":"if","locations":[{"start":{"line":88,"column":2},"end":{"line":90,"column":3}},{"start":{},"end":{}}],"line":88},"6":{"loc":{"start":{"line":96,"column":2},"end":{"line":96,"column":90}},"type":"if","locations":[{"start":{"line":96,"column":2},"end":{"line":96,"column":90}},{"start":{},"end":{}}],"line":96}},"s":{"0":1,"1":1,"2":1,"3":8,"4":8,"5":1,"6":7,"7":7,"8":7,"9":1,"10":2,"11":4,"12":2,"13":1,"14":1,"15":1,"16":2,"17":6,"18":2,"19":1,"20":1,"21":1,"22":1,"23":1,"24":4,"25":1,"26":1,"27":4,"28":21,"29":4,"30":1,"31":3,"32":3,"33":1,"34":2,"35":2,"36":1,"37":1},"f":{"0":8,"1":2,"2":4,"3":2,"4":6,"5":1,"6":4,"7":4,"8":21},"b":{"0":[1,7],"1":[8,8,7],"2":[1,1],"3":[1,1],"4":[1,3],"5":[1,2],"6":[1,1]},"_coverageSchema":"1a1c01bbd47fc00a2c39e90264f33305004495a9","hash":"1df97482487252fea8070b2bd1506c5c7e83ed51"}
,"C:\\Users\\natan\\Desktop\\Isaac Nowill\\formation-ynov-toulouse-campus\\class-developpement-api\\productions\\test7_learn_box_api\\src\\controllers\\usersController.js": {"path":"C:\\Users\\natan\\Desktop\\Isaac Nowill\\formation-ynov-toulouse-campus\\class-developpement-api\\productions\\test7_learn_box_api\\src\\controllers\\usersController.js","statementMap":{"0":{"start":{"line":1,"column":0},"end":{"line":1,"column":27}},"1":{"start":{"line":2,"column":11},"end":{"line":2,"column":24}},"2":{"start":{"line":3,"column":13},"end":{"line":3,"column":28}},"3":{"start":{"line":4,"column":15},"end":{"line":4,"column":32}},"4":{"start":{"line":6,"column":19},"end":{"line":6,"column":60}},"5":{"start":{"line":7,"column":17},"end":{"line":7,"column":56}},"6":{"start":{"line":11,"column":2},"end":{"line":11,"column":99}},"7":{"start":{"line":11,"column":32},"end":{"line":11,"column":99}},"8":{"start":{"line":12,"column":18},"end":{"line":12,"column":51}},"9":{"start":{"line":13,"column":2},"end":{"line":13,"column":90}},"10":{"start":{"line":13,"column":23},"end":{"line":13,"column":90}},"11":{"start":{"line":14,"column":15},"end":{"line":14,"column":60}},"12":{"start":{"line":15,"column":2},"end":{"line":15,"column":50}},"13":{"start":{"line":15,"column":34},"end":{"line":15,"column":50}},"14":{"start":{"line":16,"column":2},"end":{"line":16,"column":14}},"15":{"start":{"line":20,"column":2},"end":{"line":20,"column":60}},"16":{"start":{"line":25,"column":2},"end":{"line":25,"column":35}},"17":{"start":{"line":25,"column":26},"end":{"line":25,"column":35}},"18":{"start":{"line":26,"column":16},"end":{"line":26,"column":70}},"19":{"start":{"line":26,"column":42},"end":{"line":26,"column":65}},"20":{"start":{"line":27,"column":2},"end":{"line":27,"column":19}},"21":{"start":{"line":33,"column":0},"end":{"line":64,"column":2}},"22":{"start":{"line":34,"column":2},"end":{"line":63,"column":3}},"23":{"start":{"line":35,"column":57},"end":{"line":35,"column":65}},"24":{"start":{"line":36,"column":4},"end":{"line":36,"column":105}},"25":{"start":{"line":36,"column":32},"end":{"line":36,"column":105}},"26":{"start":{"line":38,"column":17},"end":{"line":38,"column":25}},"27":{"start":{"line":41,"column":4},"end":{"line":43,"column":5}},"28":{"start":{"line":41,"column":29},"end":{"line":41,"column":52}},"29":{"start":{"line":42,"column":6},"end":{"line":42,"column":74}},"30":{"start":{"line":46,"column":27},"end":{"line":46,"column":66}},"31":{"start":{"line":49,"column":16},"end":{"line":49,"column":42}},"32":{"start":{"line":50,"column":4},"end":{"line":50,"column":57}},"33":{"start":{"line":50,"column":32},"end":{"line":50,"column":46}},"34":{"start":{"line":50,"column":49},"end":{"line":50,"column":57}},"35":{"start":{"line":52,"column":20},"end":{"line":52,"column":82}},"36":{"start":{"line":53,"column":4},"end":{"line":53,"column":29}},"37":{"start":{"line":54,"column":4},"end":{"line":54,"column":17}},"38":{"start":{"line":57,"column":4},"end":{"line":58,"column":94}},"39":{"start":{"line":61,"column":4},"end":{"line":61,"column":58}},"40":{"start":{"line":62,"column":4},"end":{"line":62,"column":65}},"41":{"start":{"line":69,"column":0},"end":{"line":76,"column":2}},"42":{"start":{"line":70,"column":15},"end":{"line":70,"column":23}},"43":{"start":{"line":71,"column":15},"end":{"line":71,"column":69}},"44":{"start":{"line":71,"column":36},"end":{"line":71,"column":68}},"45":{"start":{"line":72,"column":2},"end":{"line":72,"column":70}},"46":{"start":{"line":72,"column":13},"end":{"line":72,"column":70}},"47":{"start":{"line":74,"column":36},"end":{"line":74,"column":40}},"48":{"start":{"line":75,"column":2},"end":{"line":75,"column":21}},"49":{"start":{"line":81,"column":0},"end":{"line":101,"column":2}},"50":{"start":{"line":82,"column":2},"end":{"line":100,"column":3}},"51":{"start":{"line":83,"column":17},"end":{"line":83,"column":25}},"52":{"start":{"line":84,"column":17},"end":{"line":84,"column":71}},"53":{"start":{"line":84,"column":38},"end":{"line":84,"column":70}},"54":{"start":{"line":85,"column":4},"end":{"line":85,"column":72}},"55":{"start":{"line":85,"column":15},"end":{"line":85,"column":72}},"56":{"start":{"line":88,"column":4},"end":{"line":90,"column":5}},"57":{"start":{"line":89,"column":6},"end":{"line":89,"column":75}},"58":{"start":{"line":92,"column":4},"end":{"line":92,"column":34}},"59":{"start":{"line":93,"column":4},"end":{"line":93,"column":17}},"60":{"start":{"line":95,"column":38},"end":{"line":95,"column":42}},"61":{"start":{"line":96,"column":4},"end":{"line":96,"column":23}},"62":{"start":{"line":98,"column":4},"end":{"line":98,"column":56}},"63":{"start":{"line":99,"column":4},"end":{"line":99,"column":65}},"64":{"start":{"line":106,"column":0},"end":{"line":118,"column":2}},"65":{"start":{"line":107,"column":15},"end":{"line":107,"column":23}},"66":{"start":{"line":108,"column":17},"end":{"line":108,"column":40}},"67":{"start":{"line":109,"column":23},"end":{"line":109,"column":60}},"68":{"start":{"line":109,"column":44},"end":{"line":109,"column":59}},"69":{"start":{"line":111,"column":2},"end":{"line":111,"column":78}},"70":{"start":{"line":111,"column":21},"end":{"line":111,"column":78}},"71":{"start":{"line":113,"column":2},"end":{"line":113,"column":55}},"72":{"start":{"line":113,"column":38},"end":{"line":113,"column":53}},"73":{"start":{"line":114,"column":2},"end":{"line":114,"column":15}},"74":{"start":{"line":116,"column":20},"end":{"line":116,"column":51}},"75":{"start":{"line":117,"column":2},"end":{"line":117,"column":115}}},"fnMap":{"0":{"name":"loadDB","decl":{"start":{"line":10,"column":9},"end":{"line":10,"column":15}},"loc":{"start":{"line":10,"column":18},"end":{"line":17,"column":1}},"line":10},"1":{"name":"saveDB","decl":{"start":{"line":19,"column":9},"end":{"line":19,"column":15}},"loc":{"start":{"line":19,"column":22},"end":{"line":21,"column":1}},"line":19},"2":{"name":"generateUserId","decl":{"start":{"line":24,"column":9},"end":{"line":24,"column":23}},"loc":{"start":{"line":24,"column":31},"end":{"line":28,"column":1}},"line":24},"3":{"name":"(anonymous_3)","decl":{"start":{"line":26,"column":29},"end":{"line":26,"column":30}},"loc":{"start":{"line":26,"column":42},"end":{"line":26,"column":65}},"line":26},"4":{"name":"(anonymous_4)","decl":{"start":{"line":33,"column":21},"end":{"line":33,"column":22}},"loc":{"start":{"line":33,"column":41},"end":{"line":64,"column":1}},"line":33},"5":{"name":"(anonymous_5)","decl":{"start":{"line":41,"column":24},"end":{"line":41,"column":25}},"loc":{"start":{"line":41,"column":29},"end":{"line":41,"column":52}},"line":41},"6":{"name":"(anonymous_6)","decl":{"start":{"line":50,"column":27},"end":{"line":50,"column":28}},"loc":{"start":{"line":50,"column":32},"end":{"line":50,"column":46}},"line":50},"7":{"name":"(anonymous_7)","decl":{"start":{"line":69,"column":18},"end":{"line":69,"column":19}},"loc":{"start":{"line":69,"column":32},"end":{"line":76,"column":1}},"line":69},"8":{"name":"(anonymous_8)","decl":{"start":{"line":71,"column":31},"end":{"line":71,"column":32}},"loc":{"start":{"line":71,"column":36},"end":{"line":71,"column":68}},"line":71},"9":{"name":"(anonymous_9)","decl":{"start":{"line":81,"column":21},"end":{"line":81,"column":22}},"loc":{"start":{"line":81,"column":41},"end":{"line":101,"column":1}},"line":81},"10":{"name":"(anonymous_10)","decl":{"start":{"line":84,"column":33},"end":{"line":84,"column":34}},"loc":{"start":{"line":84,"column":38},"end":{"line":84,"column":70}},"line":84},"11":{"name":"(anonymous_11)","decl":{"start":{"line":106,"column":21},"end":{"line":106,"column":22}},"loc":{"start":{"line":106,"column":35},"end":{"line":118,"column":1}},"line":106},"12":{"name":"(anonymous_12)","decl":{"start":{"line":109,"column":39},"end":{"line":109,"column":40}},"loc":{"start":{"line":109,"column":44},"end":{"line":109,"column":59}},"line":109},"13":{"name":"(anonymous_13)","decl":{"start":{"line":113,"column":33},"end":{"line":113,"column":34}},"loc":{"start":{"line":113,"column":38},"end":{"line":113,"column":53}},"line":113}},"branchMap":{"0":{"loc":{"start":{"line":6,"column":19},"end":{"line":6,"column":60}},"type":"binary-expr","locations":[{"start":{"line":6,"column":19},"end":{"line":6,"column":54}},{"start":{"line":6,"column":58},"end":{"line":6,"column":60}}],"line":6},"1":{"loc":{"start":{"line":11,"column":2},"end":{"line":11,"column":99}},"type":"if","locations":[{"start":{"line":11,"column":2},"end":{"line":11,"column":99}},{"start":{},"end":{}}],"line":11},"2":{"loc":{"start":{"line":13,"column":2},"end":{"line":13,"column":90}},"type":"if","locations":[{"start":{"line":13,"column":2},"end":{"line":13,"column":90}},{"start":{},"end":{}}],"line":13},"3":{"loc":{"start":{"line":15,"column":2},"end":{"line":15,"column":50}},"type":"if","locations":[{"start":{"line":15,"column":2},"end":{"line":15,"column":50}},{"start":{},"end":{}}],"line":15},"4":{"loc":{"start":{"line":25,"column":2},"end":{"line":25,"column":35}},"type":"if","locations":[{"start":{"line":25,"column":2},"end":{"line":25,"column":35}},{"start":{},"end":{}}],"line":25},"5":{"loc":{"start":{"line":26,"column":42},"end":{"line":26,"column":65}},"type":"cond-expr","locations":[{"start":{"line":26,"column":55},"end":{"line":26,"column":59}},{"start":{"line":26,"column":62},"end":{"line":26,"column":65}}],"line":26},"6":{"loc":{"start":{"line":35,"column":32},"end":{"line":35,"column":52}},"type":"default-arg","locations":[{"start":{"line":35,"column":46},"end":{"line":35,"column":52}}],"line":35},"7":{"loc":{"start":{"line":36,"column":4},"end":{"line":36,"column":105}},"type":"if","locations":[{"start":{"line":36,"column":4},"end":{"line":36,"column":105}},{"start":{},"end":{}}],"line":36},"8":{"loc":{"start":{"line":36,"column":8},"end":{"line":36,"column":30}},"type":"binary-expr","locations":[{"start":{"line":36,"column":8},"end":{"line":36,"column":17}},{"start":{"line":36,"column":21},"end":{"line":36,"column":30}}],"line":36},"9":{"loc":{"start":{"line":41,"column":4},"end":{"line":43,"column":5}},"type":"if","locations":[{"start":{"line":41,"column":4},"end":{"line":43,"column":5}},{"start":{},"end":{}}],"line":41},"10":{"loc":{"start":{"line":72,"column":2},"end":{"line":72,"column":70}},"type":"if","locations":[{"start":{"line":72,"column":2},"end":{"line":72,"column":70}},{"start":{},"end":{}}],"line":72},"11":{"loc":{"start":{"line":85,"column":4},"end":{"line":85,"column":72}},"type":"if","locations":[{"start":{"line":85,"column":4},"end":{"line":85,"column":72}},{"start":{},"end":{}}],"line":85},"12":{"loc":{"start":{"line":88,"column":4},"end":{"line":90,"column":5}},"type":"if","locations":[{"start":{"line":88,"column":4},"end":{"line":90,"column":5}},{"start":{},"end":{}}],"line":88},"13":{"loc":{"start":{"line":111,"column":2},"end":{"line":111,"column":78}},"type":"if","locations":[{"start":{"line":111,"column":2},"end":{"line":111,"column":78}},{"start":{},"end":{}}],"line":111},"14":{"loc":{"start":{"line":116,"column":20},"end":{"line":116,"column":51}},"type":"binary-expr","locations":[{"start":{"line":116,"column":20},"end":{"line":116,"column":38}},{"start":{"line":116,"column":42},"end":{"line":116,"column":51}}],"line":116}},"s":{"0":1,"1":1,"2":1,"3":1,"4":1,"5":1,"6":9,"7":0,"8":9,"9":9,"10":0,"11":9,"12":9,"13":0,"14":9,"15":4,"16":2,"17":2,"18":0,"19":0,"20":0,"21":1,"22":4,"23":4,"24":4,"25":1,"26":3,"27":3,"28":1,"29":1,"30":2,"31":2,"32":2,"33":0,"34":0,"35":2,"36":2,"37":2,"38":2,"39":0,"40":0,"41":1,"42":2,"43":2,"44":1,"45":2,"46":1,"47":1,"48":1,"49":1,"50":2,"51":2,"52":2,"53":1,"54":2,"55":1,"56":1,"57":1,"58":1,"59":1,"60":1,"61":1,"62":0,"63":0,"64":1,"65":2,"66":2,"67":2,"68":1,"69":2,"70":1,"71":1,"72":1,"73":1,"74":1,"75":1},"f":{"0":9,"1":4,"2":2,"3":0,"4":4,"5":1,"6":0,"7":2,"8":1,"9":2,"10":1,"11":2,"12":1,"13":1},"b":{"0":[1,0],"1":[0,9],"2":[0,9],"3":[0,9],"4":[2,0],"5":[0,0],"6":[4],"7":[1,3],"8":[4,3],"9":[1,2],"10":[1,1],"11":[1,1],"12":[1,0],"13":[1,1],"14":[1,0]},"_coverageSchema":"1a1c01bbd47fc00a2c39e90264f33305004495a9","hash":"c130677831c7ebebea6d6ab97aa25047924c95cd"}
,"C:\\Users\\natan\\Desktop\\Isaac Nowill\\formation-ynov-toulouse-campus\\class-developpement-api\\productions\\test7_learn_box_api\\src\\middlewares\\authenticate.js": {"path":"C:\\Users\\natan\\Desktop\\Isaac Nowill\\formation-ynov-toulouse-campus\\class-developpement-api\\productions\\test7_learn_box_api\\src\\middlewares\\authenticate.js","statementMap":{"0":{"start":{"line":2,"column":12},"end":{"line":2,"column":35}},"1":{"start":{"line":8,"column":21},"end":{"line":8,"column":81}},"2":{"start":{"line":11,"column":2},"end":{"line":13,"column":3}},"3":{"start":{"line":12,"column":4},"end":{"line":12,"column":107}},"4":{"start":{"line":16,"column":16},"end":{"line":16,"column":37}},"5":{"start":{"line":19,"column":2},"end":{"line":21,"column":3}},"6":{"start":{"line":20,"column":4},"end":{"line":20,"column":77}},"7":{"start":{"line":24,"column":16},"end":{"line":24,"column":24}},"8":{"start":{"line":26,"column":2},"end":{"line":39,"column":3}},"9":{"start":{"line":29,"column":20},"end":{"line":29,"column":61}},"10":{"start":{"line":32,"column":4},"end":{"line":32,"column":23}},"11":{"start":{"line":35,"column":4},"end":{"line":35,"column":11}},"12":{"start":{"line":38,"column":4},"end":{"line":38,"column":71}},"13":{"start":{"line":43,"column":0},"end":{"line":43,"column":30}}},"fnMap":{"0":{"name":"authenticate","decl":{"start":{"line":5,"column":9},"end":{"line":5,"column":21}},"loc":{"start":{"line":5,"column":38},"end":{"line":40,"column":1}},"line":5}},"branchMap":{"0":{"loc":{"start":{"line":8,"column":21},"end":{"line":8,"column":81}},"type":"binary-expr","locations":[{"start":{"line":8,"column":21},"end":{"line":8,"column":49}},{"start":{"line":8,"column":53},"end":{"line":8,"column":81}}],"line":8},"1":{"loc":{"start":{"line":11,"column":2},"end":{"line":13,"column":3}},"type":"if","locations":[{"start":{"line":11,"column":2},"end":{"line":13,"column":3}},{"start":{},"end":{}}],"line":11},"2":{"loc":{"start":{"line":19,"column":2},"end":{"line":21,"column":3}},"type":"if","locations":[{"start":{"line":19,"column":2},"end":{"line":21,"column":3}},{"start":{},"end":{}}],"line":19},"3":{"loc":{"start":{"line":19,"column":6},"end":{"line":19,"column":49}},"type":"binary-expr","locations":[{"start":{"line":19,"column":6},"end":{"line":19,"column":24}},{"start":{"line":19,"column":28},"end":{"line":19,"column":49}}],"line":19}},"s":{"0":1,"1":4,"2":4,"3":1,"4":3,"5":3,"6":1,"7":2,"8":2,"9":2,"10":1,"11":1,"12":1,"13":1},"f":{"0":4},"b":{"0":[4,1],"1":[1,3],"2":[1,2],"3":[3,2]},"_coverageSchema":"1a1c01bbd47fc00a2c39e90264f33305004495a9","hash":"faf99b1e870b209c7b9d6bc035aa6d116e45d75a"}
,"C:\\Users\\natan\\Desktop\\Isaac Nowill\\formation-ynov-toulouse-campus\\class-developpement-api\\productions\\test7_learn_box_api\\src\\middlewares\\authorize.js": {"path":"C:\\Users\\natan\\Desktop\\Isaac Nowill\\formation-ynov-toulouse-campus\\class-developpement-api\\productions\\test7_learn_box_api\\src\\middlewares\\authorize.js","statementMap":{"0":{"start":{"line":4,"column":2},"end":{"line":19,"column":4}},"1":{"start":{"line":7,"column":4},"end":{"line":9,"column":5}},"2":{"start":{"line":8,"column":6},"end":{"line":8,"column":76}},"3":{"start":{"line":13,"column":4},"end":{"line":15,"column":5}},"4":{"start":{"line":14,"column":6},"end":{"line":14,"column":80}},"5":{"start":{"line":18,"column":4},"end":{"line":18,"column":11}},"6":{"start":{"line":23,"column":0},"end":{"line":23,"column":27}}},"fnMap":{"0":{"name":"authorize","decl":{"start":{"line":2,"column":9},"end":{"line":2,"column":18}},"loc":{"start":{"line":2,"column":33},"end":{"line":20,"column":1}},"line":2},"1":{"name":"(anonymous_1)","decl":{"start":{"line":4,"column":9},"end":{"line":4,"column":10}},"loc":{"start":{"line":4,"column":29},"end":{"line":19,"column":3}},"line":4}},"branchMap":{"0":{"loc":{"start":{"line":7,"column":4},"end":{"line":9,"column":5}},"type":"if","locations":[{"start":{"line":7,"column":4},"end":{"line":9,"column":5}},{"start":{},"end":{}}],"line":7},"1":{"loc":{"start":{"line":7,"column":8},"end":{"line":7,"column":42}},"type":"binary-expr","locations":[{"start":{"line":7,"column":8},"end":{"line":7,"column":17}},{"start":{"line":7,"column":21},"end":{"line":7,"column":42}}],"line":7},"2":{"loc":{"start":{"line":13,"column":4},"end":{"line":15,"column":5}},"type":"if","locations":[{"start":{"line":13,"column":4},"end":{"line":15,"column":5}},{"start":{},"end":{}}],"line":13}},"s":{"0":3,"1":3,"2":1,"3":2,"4":1,"5":1,"6":1},"f":{"0":3,"1":3},"b":{"0":[1,2],"1":[3,2],"2":[1,1]},"_coverageSchema":"1a1c01bbd47fc00a2c39e90264f33305004495a9","hash":"b6f78ae128d91c761c0b3bdb0494eff561860be0"}
,"C:\\Users\\natan\\Desktop\\Isaac Nowill\\formation-ynov-toulouse-campus\\class-developpement-api\\productions\\test7_learn_box_api\\src\\services\\adresseService.js": {"path":"C:\\Users\\natan\\Desktop\\Isaac Nowill\\formation-ynov-toulouse-campus\\class-developpement-api\\productions\\test7_learn_box_api\\src\\services\\adresseService.js","statementMap":{"0":{"start":{"line":2,"column":14},"end":{"line":2,"column":30}},"1":{"start":{"line":6,"column":2},"end":{"line":6,"column":51}},"2":{"start":{"line":6,"column":14},"end":{"line":6,"column":51}},"3":{"start":{"line":8,"column":2},"end":{"line":20,"column":3}},"4":{"start":{"line":10,"column":21},"end":{"line":12,"column":6}},"5":{"start":{"line":15,"column":4},"end":{"line":15,"column":34}},"6":{"start":{"line":18,"column":4},"end":{"line":18,"column":55}},"7":{"start":{"line":19,"column":4},"end":{"line":19,"column":14}},"8":{"start":{"line":24,"column":0},"end":{"line":24,"column":35}}},"fnMap":{"0":{"name":"searchAdresse","decl":{"start":{"line":5,"column":15},"end":{"line":5,"column":28}},"loc":{"start":{"line":5,"column":36},"end":{"line":21,"column":1}},"line":5}},"branchMap":{"0":{"loc":{"start":{"line":6,"column":2},"end":{"line":6,"column":51}},"type":"if","locations":[{"start":{"line":6,"column":2},"end":{"line":6,"column":51}},{"start":{},"end":{}}],"line":6}},"s":{"0":1,"1":3,"2":1,"3":2,"4":2,"5":1,"6":1,"7":1,"8":1},"f":{"0":3},"b":{"0":[1,2]},"_coverageSchema":"1a1c01bbd47fc00a2c39e90264f33305004495a9","hash":"a839014b7a4963d460196ce7f96cc202321b759e"}
}
