{"C:\\Users\\natan\\Desktop\\Isaac Nowill\\formation-ynov-toulouse-campus\\class-developpement-api\\productions\\test7_learn_box_api\\src\\controllers\\machinesController.js": {"path":"C:\\Users\\natan\\Desktop\\Isaac Nowill\\formation-ynov-toulouse-campus\\class-developpement-api\\productions\\test7_learn_box_api\\src\\controllers\\machinesController.js","statementMap":{"0":{"start":{"line":2,"column":15},"end":{"line":2,"column":17}},"1":{"start":{"line":5,"column":13},"end":{"line":5,"column":14}},"2":{"start":{"line":10,"column":0},"end":{"line":29,"column":2}},"3":{"start":{"line":12,"column":47},"end":{"line":12,"column":55}},"4":{"start":{"line":15,"column":2},"end":{"line":17,"column":3}},"5":{"start":{"line":16,"column":4},"end":{"line":16,"column":96}},"6":{"start":{"line":20,"column":21},"end":{"line":20,"column":71}},"7":{"start":{"line":23,"column":2},"end":{"line":23,"column":28}},"8":{"start":{"line":26,"column":2},"end":{"line":28,"column":22}},"9":{"start":{"line":34,"column":0},"end":{"line":43,"column":2}},"10":{"start":{"line":36,"column":18},"end":{"line":36,"column":70}},"11":{"start":{"line":36,"column":37},"end":{"line":36,"column":69}},"12":{"start":{"line":39,"column":2},"end":{"line":39,"column":76}},"13":{"start":{"line":39,"column":16},"end":{"line":39,"column":76}},"14":{"start":{"line":42,"column":2},"end":{"line":42,"column":20}},"15":{"start":{"line":48,"column":0},"end":{"line":60,"column":2}},"16":{"start":{"line":50,"column":18},"end":{"line":50,"column":70}},"17":{"start":{"line":50,"column":37},"end":{"line":50,"column":69}},"18":{"start":{"line":53,"column":2},"end":{"line":53,"column":76}},"19":{"start":{"line":53,"column":16},"end":{"line":53,"column":76}},"20":{"start":{"line":56,"column":2},"end":{"line":56,"column":35}},"21":{"start":{"line":59,"column":2},"end":{"line":59,"column":20}},"22":{"start":{"line":65,"column":0},"end":{"line":71,"column":2}},"23":{"start":{"line":67,"column":2},"end":{"line":67,"column":68}},"24":{"start":{"line":67,"column":34},"end":{"line":67,"column":66}},"25":{"start":{"line":70,"column":2},"end":{"line":70,"column":24}},"26":{"start":{"line":77,"column":0},"end":{"line":100,"column":2}},"27":{"start":{"line":79,"column":18},"end":{"line":79,"column":70}},"28":{"start":{"line":79,"column":37},"end":{"line":79,"column":69}},"29":{"start":{"line":82,"column":2},"end":{"line":82,"column":76}},"30":{"start":{"line":82,"column":16},"end":{"line":82,"column":76}},"31":{"start":{"line":85,"column":30},"end":{"line":85,"column":38}},"32":{"start":{"line":88,"column":2},"end":{"line":90,"column":3}},"33":{"start":{"line":89,"column":4},"end":{"line":89,"column":79}},"34":{"start":{"line":93,"column":18},"end":{"line":93,"column":56}},"35":{"start":{"line":96,"column":2},"end":{"line":96,"column":90}},"36":{"start":{"line":96,"column":16},"end":{"line":96,"column":90}},"37":{"start":{"line":99,"column":2},"end":{"line":99,"column":69}}},"fnMap":{"0":{"name":"(anonymous_0)","decl":{"start":{"line":10,"column":24},"end":{"line":10,"column":25}},"loc":{"start":{"line":10,"column":38},"end":{"line":29,"column":1}},"line":10},"1":{"name":"(anonymous_1)","decl":{"start":{"line":34,"column":21},"end":{"line":34,"column":22}},"loc":{"start":{"line":34,"column":35},"end":{"line":43,"column":1}},"line":34},"2":{"name":"(anonymous_2)","decl":{"start":{"line":36,"column":32},"end":{"line":36,"column":33}},"loc":{"start":{"line":36,"column":37},"end":{"line":36,"column":69}},"line":36},"3":{"name":"(anonymous_3)","decl":{"start":{"line":48,"column":24},"end":{"line":48,"column":25}},"loc":{"start":{"line":48,"column":38},"end":{"line":60,"column":1}},"line":48},"4":{"name":"(anonymous_4)","decl":{"start":{"line":50,"column":32},"end":{"line":50,"column":33}},"loc":{"start":{"line":50,"column":37},"end":{"line":50,"column":69}},"line":50},"5":{"name":"(anonymous_5)","decl":{"start":{"line":65,"column":24},"end":{"line":65,"column":25}},"loc":{"start":{"line":65,"column":38},"end":{"line":71,"column":1}},"line":65},"6":{"name":"(anonymous_6)","decl":{"start":{"line":67,"column":29},"end":{"line":67,"column":30}},"loc":{"start":{"line":67,"column":34},"end":{"line":67,"column":66}},"line":67},"7":{"name":"(anonymous_7)","decl":{"start":{"line":77,"column":24},"end":{"line":77,"column":25}},"loc":{"start":{"line":77,"column":38},"end":{"line":100,"column":1}},"line":77},"8":{"name":"(anonymous_8)","decl":{"start":{"line":79,"column":32},"end":{"line":79,"column":33}},"loc":{"start":{"line":79,"column":37},"end":{"line":79,"column":69}},"line":79}},"branchMap":{"0":{"loc":{"start":{"line":15,"column":2},"end":{"line":17,"column":3}},"type":"if","locations":[{"start":{"line":15,"column":2},"end":{"line":17,"column":3}},{"start":{},"end":{}}],"line":15},"1":{"loc":{"start":{"line":15,"column":6},"end":{"line":15,"column":45}},"type":"binary-expr","locations":[{"start":{"line":15,"column":6},"end":{"line":15,"column":18}},{"start":{"line":15,"column":22},"end":{"line":15,"column":29}},{"start":{"line":15,"column":33},"end":{"line":15,"column":45}}],"line":15},"2":{"loc":{"start":{"line":39,"column":2},"end":{"line":39,"column":76}},"type":"if","locations":[{"start":{"line":39,"column":2},"end":{"line":39,"column":76}},{"start":{},"end":{}}],"line":39},"3":{"loc":{"start":{"line":53,"column":2},"end":{"line":53,"column":76}},"type":"if","locations":[{"start":{"line":53,"column":2},"end":{"line":53,"column":76}},{"start":{},"end":{}}],"line":53},"4":{"loc":{"start":{"line":82,"column":2},"end":{"line":82,"column":76}},"type":"if","locations":[{"start":{"line":82,"column":2},"end":{"line":82,"column":76}},{"start":{},"end":{}}],"line":82},"5":{"loc":{"start":{"line":88,"column":2},"end":{"line":90,"column":3}},"type":"if","locations":[{"start":{"line":88,"column":2},"end":{"line":90,"column":3}},{"start":{},"end":{}}],"line":88},"6":{"loc":{"start":{"line":96,"column":2},"end":{"line":96,"column":90}},"type":"if","locations":[{"start":{"line":96,"column":2},"end":{"line":96,"column":90}},{"start":{},"end":{}}],"line":96}},"s":{"0":1,"1":1,"2":1,"3":8,"4":8,"5":1,"6":7,"7":7,"8":7,"9":1,"10":2,"11":4,"12":2,"13":1,"14":1,"15":1,"16":2,"17":6,"18":2,"19":1,"20":1,"21":1,"22":1,"23":1,"24":4,"25":1,"26":1,"27":4,"28":21,"29":4,"30":1,"31":3,"32":3,"33":1,"34":2,"35":2,"36":1,"37":1},"f":{"0":8,"1":2,"2":4,"3":2,"4":6,"5":1,"6":4,"7":4,"8":21},"b":{"0":[1,7],"1":[8,8,7],"2":[1,1],"3":[1,1],"4":[1,3],"5":[1,2],"6":[1,1]},"_coverageSchema":"1a1c01bbd47fc00a2c39e90264f33305004495a9","hash":"1df97482487252fea8070b2bd1506c5c7e83ed51"}
,"C:\\Users\\natan\\Desktop\\Isaac Nowill\\formation-ynov-toulouse-campus\\class-developpement-api\\productions\\test7_learn_box_api\\src\\controllers\\usersController.js": {"path":"C:\\Users\\natan\\Desktop\\Isaac Nowill\\formation-ynov-toulouse-campus\\class-developpement-api\\productions\\test7_learn_box_api\\src\\controllers\\usersController.js","statementMap":{"0":{"start":{"line":2,"column":12},"end":{"line":2,"column":14}},"1":{"start":{"line":5,"column":13},"end":{"line":5,"column":14}},"2":{"start":{"line":10,"column":0},"end":{"line":29,"column":2}},"3":{"start":{"line":12,"column":55},"end":{"line":12,"column":63}},"4":{"start":{"line":15,"column":2},"end":{"line":17,"column":3}},"5":{"start":{"line":16,"column":4},"end":{"line":16,"column":77}},"6":{"start":{"line":20,"column":18},"end":{"line":20,"column":67}},"7":{"start":{"line":23,"column":2},"end":{"line":23,"column":22}},"8":{"start":{"line":26,"column":2},"end":{"line":28,"column":19}},"9":{"start":{"line":34,"column":0},"end":{"line":46,"column":2}},"10":{"start":{"line":36,"column":15},"end":{"line":36,"column":64}},"11":{"start":{"line":36,"column":31},"end":{"line":36,"column":63}},"12":{"start":{"line":39,"column":2},"end":{"line":39,"column":70}},"13":{"start":{"line":39,"column":13},"end":{"line":39,"column":70}},"14":{"start":{"line":42,"column":36},"end":{"line":42,"column":40}},"15":{"start":{"line":45,"column":2},"end":{"line":45,"column":21}},"16":{"start":{"line":51,"column":0},"end":{"line":63,"column":2}},"17":{"start":{"line":53,"column":15},"end":{"line":53,"column":64}},"18":{"start":{"line":53,"column":31},"end":{"line":53,"column":63}},"19":{"start":{"line":56,"column":2},"end":{"line":56,"column":70}},"20":{"start":{"line":56,"column":13},"end":{"line":56,"column":70}},"21":{"start":{"line":59,"column":2},"end":{"line":59,"column":32}},"22":{"start":{"line":62,"column":2},"end":{"line":62,"column":17}},"23":{"start":{"line":68,"column":0},"end":{"line":90,"column":2}},"24":{"start":{"line":70,"column":17},"end":{"line":70,"column":40}},"25":{"start":{"line":73,"column":23},"end":{"line":73,"column":55}},"26":{"start":{"line":73,"column":39},"end":{"line":73,"column":54}},"27":{"start":{"line":76,"column":2},"end":{"line":78,"column":3}},"28":{"start":{"line":77,"column":4},"end":{"line":77,"column":61}},"29":{"start":{"line":81,"column":20},"end":{"line":81,"column":51}},"30":{"start":{"line":84,"column":2},"end":{"line":84,"column":45}},"31":{"start":{"line":84,"column":28},"end":{"line":84,"column":43}},"32":{"start":{"line":87,"column":2},"end":{"line":89,"column":5}}},"fnMap":{"0":{"name":"(anonymous_0)","decl":{"start":{"line":10,"column":21},"end":{"line":10,"column":22}},"loc":{"start":{"line":10,"column":35},"end":{"line":29,"column":1}},"line":10},"1":{"name":"(anonymous_1)","decl":{"start":{"line":34,"column":18},"end":{"line":34,"column":19}},"loc":{"start":{"line":34,"column":32},"end":{"line":46,"column":1}},"line":34},"2":{"name":"(anonymous_2)","decl":{"start":{"line":36,"column":26},"end":{"line":36,"column":27}},"loc":{"start":{"line":36,"column":31},"end":{"line":36,"column":63}},"line":36},"3":{"name":"(anonymous_3)","decl":{"start":{"line":51,"column":21},"end":{"line":51,"column":22}},"loc":{"start":{"line":51,"column":35},"end":{"line":63,"column":1}},"line":51},"4":{"name":"(anonymous_4)","decl":{"start":{"line":53,"column":26},"end":{"line":53,"column":27}},"loc":{"start":{"line":53,"column":31},"end":{"line":53,"column":63}},"line":53},"5":{"name":"(anonymous_5)","decl":{"start":{"line":68,"column":21},"end":{"line":68,"column":22}},"loc":{"start":{"line":68,"column":35},"end":{"line":90,"column":1}},"line":68},"6":{"name":"(anonymous_6)","decl":{"start":{"line":73,"column":34},"end":{"line":73,"column":35}},"loc":{"start":{"line":73,"column":39},"end":{"line":73,"column":54}},"line":73},"7":{"name":"(anonymous_7)","decl":{"start":{"line":84,"column":23},"end":{"line":84,"column":24}},"loc":{"start":{"line":84,"column":28},"end":{"line":84,"column":43}},"line":84}},"branchMap":{"0":{"loc":{"start":{"line":12,"column":30},"end":{"line":12,"column":50}},"type":"default-arg","locations":[{"start":{"line":12,"column":44},"end":{"line":12,"column":50}}],"line":12},"1":{"loc":{"start":{"line":15,"column":2},"end":{"line":17,"column":3}},"type":"if","locations":[{"start":{"line":15,"column":2},"end":{"line":17,"column":3}},{"start":{},"end":{}}],"line":15},"2":{"loc":{"start":{"line":15,"column":6},"end":{"line":15,"column":28}},"type":"binary-expr","locations":[{"start":{"line":15,"column":6},"end":{"line":15,"column":15}},{"start":{"line":15,"column":19},"end":{"line":15,"column":28}}],"line":15},"3":{"loc":{"start":{"line":39,"column":2},"end":{"line":39,"column":70}},"type":"if","locations":[{"start":{"line":39,"column":2},"end":{"line":39,"column":70}},{"start":{},"end":{}}],"line":39},"4":{"loc":{"start":{"line":56,"column":2},"end":{"line":56,"column":70}},"type":"if","locations":[{"start":{"line":56,"column":2},"end":{"line":56,"column":70}},{"start":{},"end":{}}],"line":56},"5":{"loc":{"start":{"line":76,"column":2},"end":{"line":78,"column":3}},"type":"if","locations":[{"start":{"line":76,"column":2},"end":{"line":78,"column":3}},{"start":{},"end":{}}],"line":76},"6":{"loc":{"start":{"line":81,"column":20},"end":{"line":81,"column":51}},"type":"binary-expr","locations":[{"start":{"line":81,"column":20},"end":{"line":81,"column":38}},{"start":{"line":81,"column":42},"end":{"line":81,"column":51}}],"line":81}},"s":{"0":1,"1":1,"2":1,"3":6,"4":6,"5":1,"6":5,"7":5,"8":5,"9":1,"10":2,"11":4,"12":2,"13":1,"14":1,"15":1,"16":1,"17":2,"18":6,"19":2,"20":1,"21":1,"22":1,"23":1,"24":3,"25":3,"26":11,"27":3,"28":1,"29":2,"30":2,"31":8,"32":2},"f":{"0":6,"1":2,"2":4,"3":2,"4":6,"5":3,"6":11,"7":8},"b":{"0":[5],"1":[1,5],"2":[6,6],"3":[1,1],"4":[1,1],"5":[1,2],"6":[2,1]},"_coverageSchema":"1a1c01bbd47fc00a2c39e90264f33305004495a9","hash":"fa60716ce6bff8445516c7ef0b41f98aac6889d3"}
,"C:\\Users\\natan\\Desktop\\Isaac Nowill\\formation-ynov-toulouse-campus\\class-developpement-api\\productions\\test7_learn_box_api\\src\\middlewares\\authenticate.js": {"path":"C:\\Users\\natan\\Desktop\\Isaac Nowill\\formation-ynov-toulouse-campus\\class-developpement-api\\productions\\test7_learn_box_api\\src\\middlewares\\authenticate.js","statementMap":{"0":{"start":{"line":2,"column":12},"end":{"line":2,"column":35}},"1":{"start":{"line":8,"column":21},"end":{"line":8,"column":81}},"2":{"start":{"line":11,"column":2},"end":{"line":13,"column":3}},"3":{"start":{"line":12,"column":4},"end":{"line":12,"column":75}},"4":{"start":{"line":16,"column":16},"end":{"line":16,"column":37}},"5":{"start":{"line":19,"column":2},"end":{"line":21,"column":3}},"6":{"start":{"line":20,"column":4},"end":{"line":20,"column":77}},"7":{"start":{"line":24,"column":16},"end":{"line":24,"column":24}},"8":{"start":{"line":26,"column":2},"end":{"line":39,"column":3}},"9":{"start":{"line":29,"column":20},"end":{"line":29,"column":61}},"10":{"start":{"line":32,"column":4},"end":{"line":32,"column":23}},"11":{"start":{"line":35,"column":4},"end":{"line":35,"column":11}},"12":{"start":{"line":38,"column":4},"end":{"line":38,"column":71}},"13":{"start":{"line":43,"column":0},"end":{"line":43,"column":30}}},"fnMap":{"0":{"name":"authenticate","decl":{"start":{"line":5,"column":9},"end":{"line":5,"column":21}},"loc":{"start":{"line":5,"column":38},"end":{"line":40,"column":1}},"line":5}},"branchMap":{"0":{"loc":{"start":{"line":8,"column":21},"end":{"line":8,"column":81}},"type":"binary-expr","locations":[{"start":{"line":8,"column":21},"end":{"line":8,"column":49}},{"start":{"line":8,"column":53},"end":{"line":8,"column":81}}],"line":8},"1":{"loc":{"start":{"line":11,"column":2},"end":{"line":13,"column":3}},"type":"if","locations":[{"start":{"line":11,"column":2},"end":{"line":13,"column":3}},{"start":{},"end":{}}],"line":11},"2":{"loc":{"start":{"line":19,"column":2},"end":{"line":21,"column":3}},"type":"if","locations":[{"start":{"line":19,"column":2},"end":{"line":21,"column":3}},{"start":{},"end":{}}],"line":19},"3":{"loc":{"start":{"line":19,"column":6},"end":{"line":19,"column":49}},"type":"binary-expr","locations":[{"start":{"line":19,"column":6},"end":{"line":19,"column":24}},{"start":{"line":19,"column":28},"end":{"line":19,"column":49}}],"line":19}},"s":{"0":1,"1":5,"2":5,"3":1,"4":4,"5":4,"6":1,"7":3,"8":3,"9":3,"10":2,"11":2,"12":1,"13":1},"f":{"0":5},"b":{"0":[5,2],"1":[1,4],"2":[1,3],"3":[4,3]},"_coverageSchema":"1a1c01bbd47fc00a2c39e90264f33305004495a9","hash":"c88fff05cf1a6d2b6e6009b1d8c6f33f4c73738d"}
,"C:\\Users\\natan\\Desktop\\Isaac Nowill\\formation-ynov-toulouse-campus\\class-developpement-api\\productions\\test7_learn_box_api\\src\\middlewares\\authorize.js": {"path":"C:\\Users\\natan\\Desktop\\Isaac Nowill\\formation-ynov-toulouse-campus\\class-developpement-api\\productions\\test7_learn_box_api\\src\\middlewares\\authorize.js","statementMap":{"0":{"start":{"line":4,"column":2},"end":{"line":19,"column":4}},"1":{"start":{"line":7,"column":4},"end":{"line":9,"column":5}},"2":{"start":{"line":8,"column":6},"end":{"line":8,"column":76}},"3":{"start":{"line":13,"column":4},"end":{"line":15,"column":5}},"4":{"start":{"line":14,"column":6},"end":{"line":14,"column":80}},"5":{"start":{"line":18,"column":4},"end":{"line":18,"column":11}},"6":{"start":{"line":23,"column":0},"end":{"line":23,"column":27}}},"fnMap":{"0":{"name":"authorize","decl":{"start":{"line":2,"column":9},"end":{"line":2,"column":18}},"loc":{"start":{"line":2,"column":33},"end":{"line":20,"column":1}},"line":2},"1":{"name":"(anonymous_1)","decl":{"start":{"line":4,"column":9},"end":{"line":4,"column":10}},"loc":{"start":{"line":4,"column":29},"end":{"line":19,"column":3}},"line":4}},"branchMap":{"0":{"loc":{"start":{"line":7,"column":4},"end":{"line":9,"column":5}},"type":"if","locations":[{"start":{"line":7,"column":4},"end":{"line":9,"column":5}},{"start":{},"end":{}}],"line":7},"1":{"loc":{"start":{"line":7,"column":8},"end":{"line":7,"column":42}},"type":"binary-expr","locations":[{"start":{"line":7,"column":8},"end":{"line":7,"column":17}},{"start":{"line":7,"column":21},"end":{"line":7,"column":42}}],"line":7},"2":{"loc":{"start":{"line":13,"column":4},"end":{"line":15,"column":5}},"type":"if","locations":[{"start":{"line":13,"column":4},"end":{"line":15,"column":5}},{"start":{},"end":{}}],"line":13}},"s":{"0":5,"1":5,"2":2,"3":3,"4":1,"5":2,"6":1},"f":{"0":5,"1":5},"b":{"0":[2,3],"1":[5,4],"2":[1,2]},"_coverageSchema":"1a1c01bbd47fc00a2c39e90264f33305004495a9","hash":"b6f78ae128d91c761c0b3bdb0494eff561860be0"}
,"C:\\Users\\natan\\Desktop\\Isaac Nowill\\formation-ynov-toulouse-campus\\class-developpement-api\\productions\\test7_learn_box_api\\src\\routes\\adresses.js": {"path":"C:\\Users\\natan\\Desktop\\Isaac Nowill\\formation-ynov-toulouse-campus\\class-developpement-api\\productions\\test7_learn_box_api\\src\\routes\\adresses.js","statementMap":{"0":{"start":{"line":6,"column":16},"end":{"line":6,"column":34}},"1":{"start":{"line":7,"column":15},"end":{"line":7,"column":31}},"2":{"start":{"line":10,"column":26},"end":{"line":10,"column":63}},"3":{"start":{"line":46,"column":0},"end":{"line":66,"column":3}},"4":{"start":{"line":47,"column":2},"end":{"line":65,"column":3}},"5":{"start":{"line":49,"column":18},"end":{"line":49,"column":27}},"6":{"start":{"line":52,"column":4},"end":{"line":54,"column":5}},"7":{"start":{"line":53,"column":6},"end":{"line":53,"column":71}},"8":{"start":{"line":57,"column":20},"end":{"line":57,"column":42}},"9":{"start":{"line":60,"column":4},"end":{"line":60,"column":22}},"10":{"start":{"line":63,"column":4},"end":{"line":63,"column":33}},"11":{"start":{"line":64,"column":4},"end":{"line":64,"column":83}},"12":{"start":{"line":68,"column":0},"end":{"line":68,"column":24}}},"fnMap":{"0":{"name":"(anonymous_0)","decl":{"start":{"line":46,"column":16},"end":{"line":46,"column":17}},"loc":{"start":{"line":46,"column":36},"end":{"line":66,"column":1}},"line":46}},"branchMap":{"0":{"loc":{"start":{"line":52,"column":4},"end":{"line":54,"column":5}},"type":"if","locations":[{"start":{"line":52,"column":4},"end":{"line":54,"column":5}},{"start":{},"end":{}}],"line":52}},"s":{"0":1,"1":1,"2":1,"3":1,"4":2,"5":2,"6":2,"7":1,"8":1,"9":1,"10":0,"11":0,"12":1},"f":{"0":2},"b":{"0":[1,1]},"_coverageSchema":"1a1c01bbd47fc00a2c39e90264f33305004495a9","hash":"d816d07c48c22e8357dca7ff2812667da38ff934"}
,"C:\\Users\\natan\\Desktop\\Isaac Nowill\\formation-ynov-toulouse-campus\\class-developpement-api\\productions\\test7_learn_box_api\\src\\services\\adresseService.js": {"path":"C:\\Users\\natan\\Desktop\\Isaac Nowill\\formation-ynov-toulouse-campus\\class-developpement-api\\productions\\test7_learn_box_api\\src\\services\\adresseService.js","statementMap":{"0":{"start":{"line":6,"column":14},"end":{"line":6,"column":30}},"1":{"start":{"line":10,"column":2},"end":{"line":10,"column":51}},"2":{"start":{"line":10,"column":14},"end":{"line":10,"column":51}},"3":{"start":{"line":12,"column":2},"end":{"line":24,"column":3}},"4":{"start":{"line":14,"column":21},"end":{"line":16,"column":6}},"5":{"start":{"line":19,"column":4},"end":{"line":19,"column":34}},"6":{"start":{"line":22,"column":4},"end":{"line":22,"column":55}},"7":{"start":{"line":23,"column":4},"end":{"line":23,"column":14}},"8":{"start":{"line":28,"column":0},"end":{"line":28,"column":35}}},"fnMap":{"0":{"name":"searchAdresse","decl":{"start":{"line":9,"column":15},"end":{"line":9,"column":28}},"loc":{"start":{"line":9,"column":36},"end":{"line":25,"column":1}},"line":9}},"branchMap":{"0":{"loc":{"start":{"line":10,"column":2},"end":{"line":10,"column":51}},"type":"if","locations":[{"start":{"line":10,"column":2},"end":{"line":10,"column":51}},{"start":{},"end":{}}],"line":10}},"s":{"0":1,"1":1,"2":0,"3":1,"4":1,"5":1,"6":0,"7":0,"8":1},"f":{"0":1},"b":{"0":[0,1]},"_coverageSchema":"1a1c01bbd47fc00a2c39e90264f33305004495a9","hash":"66ee17d51f6c985ca3e7a8475a9f4e90ad53c595"}
}
