TN:
SF:src\controllers\authsController.js
FN:17,loadDB
FN:26,saveDB
FN:31,generateUserId
FN:33,(anonymous_3)
FN:40,(anonymous_4)
FN:55,(anonymous_5)
FN:64,(anonymous_6)
FN:84,(anonymous_7)
FN:92,(anonymous_8)
FN:113,(anonymous_9)
FN:134,(anonymous_10)
FNF:11
FNH:9
FNDA:5,loadDB
FNDA:1,saveDB
FNDA:1,generateUserId
FNDA:0,(anonymous_3)
FNDA:4,(anonymous_4)
FNDA:1,(anonymous_5)
FNDA:0,(anonymous_6)
FNDA:4,(anonymous_7)
FNDA:3,(anonymous_8)
FNDA:2,(anonymous_9)
FNDA:1,(anonymous_10)
DA:1,1
DA:2,1
DA:3,1
DA:4,1
DA:5,1
DA:8,1
DA:11,1
DA:12,1
DA:13,1
DA:14,1
DA:18,5
DA:19,5
DA:20,5
DA:21,5
DA:22,5
DA:23,5
DA:27,1
DA:32,1
DA:33,0
DA:34,0
DA:40,1
DA:41,4
DA:42,4
DA:45,4
DA:46,1
DA:49,3
DA:50,1
DA:52,2
DA:55,2
DA:56,1
DA:60,1
DA:63,1
DA:64,1
DA:66,1
DA:68,1
DA:69,1
DA:71,1
DA:76,0
DA:77,0
DA:84,1
DA:85,4
DA:86,4
DA:88,4
DA:89,1
DA:91,3
DA:92,3
DA:94,3
DA:96,2
DA:97,2
DA:99,1
DA:100,1
DA:101,1
DA:103,1
DA:105,0
DA:106,0
DA:113,1
DA:114,2
DA:115,2
DA:117,1
DA:118,1
DA:119,1
DA:124,1
DA:126,0
DA:127,0
DA:134,1
DA:135,1
LF:66
LH:58
BRDA:11,0,0,1
BRDA:11,0,1,0
BRDA:13,1,0,1
BRDA:13,1,1,0
BRDA:14,2,0,1
BRDA:14,2,1,0
BRDA:18,3,0,0
BRDA:18,3,1,5
BRDA:20,4,0,0
BRDA:20,4,1,5
BRDA:22,5,0,0
BRDA:22,5,1,5
BRDA:32,6,0,1
BRDA:32,6,1,0
BRDA:33,7,0,0
BRDA:33,7,1,0
BRDA:45,8,0,1
BRDA:45,8,1,3
BRDA:45,9,0,4
BRDA:45,9,1,3
BRDA:49,10,0,1
BRDA:49,10,1,2
BRDA:55,11,0,1
BRDA:55,11,1,1
BRDA:88,12,0,1
BRDA:88,12,1,3
BRDA:88,13,0,4
BRDA:88,13,1,3
BRDA:94,14,0,1
BRDA:94,14,1,2
BRDA:97,15,0,1
BRDA:97,15,1,1
BRDA:115,16,0,1
BRDA:115,16,1,1
BRF:34
BRH:25
end_of_record
TN:
SF:src\controllers\machinesController.js
FN:10,(anonymous_0)
FN:34,(anonymous_1)
FN:36,(anonymous_2)
FN:48,(anonymous_3)
FN:50,(anonymous_4)
FN:65,(anonymous_5)
FN:67,(anonymous_6)
FN:77,(anonymous_7)
FN:79,(anonymous_8)
FNF:9
FNH:9
FNDA:8,(anonymous_0)
FNDA:2,(anonymous_1)
FNDA:4,(anonymous_2)
FNDA:2,(anonymous_3)
FNDA:6,(anonymous_4)
FNDA:1,(anonymous_5)
FNDA:4,(anonymous_6)
FNDA:4,(anonymous_7)
FNDA:21,(anonymous_8)
DA:2,1
DA:5,1
DA:10,1
DA:12,8
DA:15,8
DA:16,1
DA:20,7
DA:23,7
DA:26,7
DA:34,1
DA:36,4
DA:39,2
DA:42,1
DA:48,1
DA:50,6
DA:53,2
DA:56,1
DA:59,1
DA:65,1
DA:67,4
DA:70,1
DA:77,1
DA:79,21
DA:82,4
DA:85,3
DA:88,3
DA:89,1
DA:93,2
DA:96,2
DA:99,1
LF:30
LH:30
BRDA:15,0,0,1
BRDA:15,0,1,7
BRDA:15,1,0,8
BRDA:15,1,1,8
BRDA:15,1,2,7
BRDA:39,2,0,1
BRDA:39,2,1,1
BRDA:53,3,0,1
BRDA:53,3,1,1
BRDA:82,4,0,1
BRDA:82,4,1,3
BRDA:88,5,0,1
BRDA:88,5,1,2
BRDA:96,6,0,1
BRDA:96,6,1,1
BRF:15
BRH:15
end_of_record
TN:
SF:src\controllers\usersController.js
FN:10,loadDB
FN:19,saveDB
FN:24,generateUserId
FN:26,(anonymous_3)
FN:33,(anonymous_4)
FN:41,(anonymous_5)
FN:50,(anonymous_6)
FN:69,(anonymous_7)
FN:71,(anonymous_8)
FN:81,(anonymous_9)
FN:84,(anonymous_10)
FN:106,(anonymous_11)
FN:109,(anonymous_12)
FN:113,(anonymous_13)
FNF:14
FNH:12
FNDA:9,loadDB
FNDA:4,saveDB
FNDA:2,generateUserId
FNDA:0,(anonymous_3)
FNDA:4,(anonymous_4)
FNDA:1,(anonymous_5)
FNDA:0,(anonymous_6)
FNDA:2,(anonymous_7)
FNDA:1,(anonymous_8)
FNDA:2,(anonymous_9)
FNDA:1,(anonymous_10)
FNDA:2,(anonymous_11)
FNDA:1,(anonymous_12)
FNDA:1,(anonymous_13)
DA:1,1
DA:2,1
DA:3,1
DA:4,1
DA:6,1
DA:7,1
DA:11,9
DA:12,9
DA:13,9
DA:14,9
DA:15,9
DA:16,9
DA:20,4
DA:25,2
DA:26,0
DA:27,0
DA:33,1
DA:34,4
DA:35,4
DA:36,4
DA:38,3
DA:41,3
DA:42,1
DA:46,2
DA:49,2
DA:50,2
DA:52,2
DA:53,2
DA:54,2
DA:57,2
DA:61,0
DA:62,0
DA:69,1
DA:70,2
DA:71,2
DA:72,2
DA:74,1
DA:75,1
DA:81,1
DA:82,2
DA:83,2
DA:84,2
DA:85,2
DA:88,1
DA:89,1
DA:92,1
DA:93,1
DA:95,1
DA:96,1
DA:98,0
DA:99,0
DA:106,1
DA:107,2
DA:108,2
DA:109,2
DA:111,2
DA:113,1
DA:114,1
DA:116,1
DA:117,1
LF:60
LH:54
BRDA:6,0,0,1
BRDA:6,0,1,0
BRDA:11,1,0,0
BRDA:11,1,1,9
BRDA:13,2,0,0
BRDA:13,2,1,9
BRDA:15,3,0,0
BRDA:15,3,1,9
BRDA:25,4,0,2
BRDA:25,4,1,0
BRDA:26,5,0,0
BRDA:26,5,1,0
BRDA:35,6,0,4
BRDA:36,7,0,1
BRDA:36,7,1,3
BRDA:36,8,0,4
BRDA:36,8,1,3
BRDA:41,9,0,1
BRDA:41,9,1,2
BRDA:72,10,0,1
BRDA:72,10,1,1
BRDA:85,11,0,1
BRDA:85,11,1,1
BRDA:88,12,0,1
BRDA:88,12,1,0
BRDA:111,13,0,1
BRDA:111,13,1,1
BRDA:116,14,0,1
BRDA:116,14,1,0
BRF:29
BRH:20
end_of_record
TN:
SF:src\middlewares\authenticate.js
FN:5,authenticate
FNF:1
FNH:1
FNDA:4,authenticate
DA:2,1
DA:8,4
DA:11,4
DA:12,1
DA:16,3
DA:19,3
DA:20,1
DA:24,2
DA:26,2
DA:29,2
DA:32,1
DA:35,1
DA:38,1
DA:43,1
LF:14
LH:14
BRDA:8,0,0,4
BRDA:8,0,1,1
BRDA:11,1,0,1
BRDA:11,1,1,3
BRDA:19,2,0,1
BRDA:19,2,1,2
BRDA:19,3,0,3
BRDA:19,3,1,2
BRF:8
BRH:8
end_of_record
TN:
SF:src\middlewares\authorize.js
FN:2,authorize
FN:4,(anonymous_1)
FNF:2
FNH:2
FNDA:3,authorize
FNDA:3,(anonymous_1)
DA:4,3
DA:7,3
DA:8,1
DA:13,2
DA:14,1
DA:18,1
DA:23,1
LF:7
LH:7
BRDA:7,0,0,1
BRDA:7,0,1,2
BRDA:7,1,0,3
BRDA:7,1,1,2
BRDA:13,2,0,1
BRDA:13,2,1,1
BRF:6
BRH:6
end_of_record
TN:
SF:src\services\adresseService.js
FN:5,searchAdresse
FNF:1
FNH:1
FNDA:3,searchAdresse
DA:2,1
DA:6,3
DA:8,2
DA:10,2
DA:15,1
DA:18,1
DA:19,1
DA:24,1
LF:8
LH:8
BRDA:6,0,0,1
BRDA:6,0,1,2
BRF:2
BRH:2
end_of_record
